2022-02-10 15:27:52,680 - pyswarms.single.global_best - INFO - Optimize for 1000 iters with {'c1': 0.5, 'c2': 0.3, 'w': 0.9}
2022-02-10 15:27:57,344 - pyswarms.single.global_best - INFO - Optimization finished | best cost: 0.015921692147933566, best pos: [ 1.18569795e-03 -1.00510480e-03 -1.24197230e-02 -5.56935381e-03
  3.21918700e-02 -5.42144654e-03  4.90485363e-03  6.14780856e-04
 -1.94237504e-02  3.92660360e-06 -3.26047807e-03  4.58294134e-03
 -1.26235735e-03 -5.17574474e-03 -1.39951192e-02  7.41769609e-02
  9.22414319e-02]
2022-02-10 15:29:59,056 - pyswarms.single.global_best - INFO - Optimize for 1000 iters with {'c1': 0.5, 'c2': 0.3, 'w': 0.9}
2022-02-10 15:30:02,914 - pyswarms.single.global_best - INFO - Optimization finished | best cost: 0.0019792642122839644, best pos: [-1.70649245e-02 -3.05398100e-03  2.94102711e-02 -7.09215059e-04
  1.62269340e-05 -5.37639483e-03 -2.32315309e-02  6.21644715e-04
  4.08273185e-04 -4.18864017e-03 -2.56057167e-03  6.70294471e-03
  4.80226490e-03  9.20845098e-03 -7.86457112e-03  2.31434521e-03]
2022-02-10 15:34:13,321 - pyswarms.single.global_best - INFO - Optimize for 1000 iters with {'c1': 0.5, 'c2': 0.3, 'w': 0.9}
2022-02-10 15:34:17,046 - pyswarms.single.global_best - INFO - Optimization finished | best cost: 8.569103889105266e-06, best pos: [ 6.03123931e-05 -1.05011206e-04 -1.12749999e-03 -1.69844233e-04
  4.20129951e-04 -2.68086908e-04 -1.37901918e-04 -1.60515207e-05
  3.85935506e-05 -1.04691972e-03 -7.82712864e-05 -2.55021502e-04
  8.22958747e-05  2.41064638e-03]
2022-02-10 15:51:34,904 - pyswarms.single.global_best - INFO - Optimize for 1000 iters with {'c1': 0.5, 'c2': 0.3, 'w': 0.9}
2022-02-10 15:51:38,493 - pyswarms.single.global_best - INFO - Optimization finished | best cost: 4.392296159494768e-05, best pos: [-2.40619529e-03  3.95468484e-04  3.67249767e-03  1.41948128e-03
  7.91760553e-05 -1.02642910e-03  1.13779623e-04  1.74084500e-03
  3.10987379e-03 -2.81039609e-03  6.31096652e-04  5.23122780e-04
 -3.60180507e-04]
2022-02-10 16:17:14,600 - numexpr.utils - INFO - NumExpr defaulting to 4 threads.
